0 info it worked if it ends with ok
1 verbose cli [ 'node', '/usr/local/bin/npm', 'start' ]
2 info using npm@1.4.23
3 info using node@v0.10.30
4 verbose run-script [ 'prestart', 'start', 'poststart' ]
5 info prestart playground@0.0.1
6 info start playground@0.0.1
7 verbose unsafe-perm in lifecycle true
8 info playground@0.0.1 Failed to exec start script
9 error playground@0.0.1 start: `node server.js`
9 error Exit status 8
10 error Failed at the playground@0.0.1 start script.
10 error This is most likely a problem with the playground package,
10 error not with npm itself.
10 error Tell the author that this fails on your system:
10 error     node server.js
10 error You can get their info via:
10 error     npm owner ls playground
10 error There is likely additional logging output above.
11 error System Linux 3.15.6-200.fc20.x86_64
12 error command "node" "/usr/local/bin/npm" "start"
13 error cwd /home/brakmic/src/js/backbone/playground
14 error node -v v0.10.30
15 error npm -v 1.4.23
16 error code ELIFECYCLE
17 verbose exit [ 1, true ]
